<?xml version="1.0" encoding="UTF-8" standalone="no"?><testsuite errors="1" failures="0" name="Runner.Serenity_runner" skipped="0" tests="1" time="0.14" timestamp="2023-11-15 05:49:45"><testcase classname="Runner.Serenity_runner" name="Open page"><error message="Cannot invoke &quot;Steps.LoginSteps.onLoginPage()&quot; because &quot;this.loginSteps&quot; is null" type="java.lang.NullPointerException">Cannot invoke "Steps.LoginSteps.onLoginPage()" because "this.loginSteps" is null</error><system-err>Cannot invoke "Steps.LoginSteps.onLoginPage()" because "this.loginSteps" is null&#13;
Runner.Serenity_runner.openPage(Serenity_runner.java:27)&#13;
</system-err></testcase></testsuite>