<?xml version="1.0" encoding="UTF-8" standalone="no"?><testsuite errors="0" failures="1" name="Runner.Serenity_runner" skipped="0" tests="1" time="0.13" timestamp="2023-11-16 01:44:46"><testcase classname="Runner.Serenity_runner" name="Test1"><failure message="Invalid URL: " type="java.lang.AssertionError">Invalid URL: </failure><system-err>Invalid URL: &#13;
Runner.Serenity_runner.test1(Serenity_runner.java:27)&#13;
</system-err></testcase></testsuite>